<?xml version="1.0" encoding="UTF-8"?>
<testng-results skipped="0" failed="0" total="1" passed="1">
  <reporter-output>
    <line>
      <![CDATA[Test TCOH01testValidLogin is PASS]]>
    </line>
  </reporter-output>
  <suite name="Default suite" duration-ms="123178" started-at="2019-09-15T12:35:12Z" finished-at="2019-09-15T12:37:15Z">
    <groups>
    </groups>
    <test name="Default test" duration-ms="123178" started-at="2019-09-15T12:35:12Z" finished-at="2019-09-15T12:37:15Z">
      <class name="script.LoginTest">
        <test-method status="PASS" signature="OpenApp()[pri:0, instance:script.LoginTest@39aeed2f]" name="OpenApp" is-config="true" duration-ms="87851" started-at="2019-09-15T18:05:12Z" finished-at="2019-09-15T18:06:40Z">
          <reporter-output>
          </reporter-output>
        </test-method> <!-- OpenApp -->
        <test-method status="PASS" signature="TCOH01testValidLogin()[pri:1, instance:script.LoginTest@39aeed2f]" name="TCOH01testValidLogin" duration-ms="31452" started-at="2019-09-15T18:06:40Z" finished-at="2019-09-15T18:07:11Z">
          <reporter-output>
          </reporter-output>
        </test-method> <!-- TCOH01testValidLogin -->
        <test-method status="PASS" signature="closeApp(org.testng.ITestResult)[pri:0, instance:script.LoginTest@39aeed2f]" name="closeApp" is-config="true" duration-ms="3842" started-at="2019-09-15T18:07:12Z" finished-at="2019-09-15T18:07:15Z">
          <params>
            <param index="0">
              <value>
                <![CDATA[[TestResult name=TCOH01testValidLogin status=SUCCESS method=LoginTest.TCOH01testValidLogin()[pri:1, instance:script.LoginTest@39aeed2f] output={null}]]]>
              </value>
            </param>
          </params>
          <reporter-output>
            <line>
              <![CDATA[Test TCOH01testValidLogin is PASS]]>
            </line>
          </reporter-output>
        </test-method> <!-- closeApp -->
      </class> <!-- script.LoginTest -->
    </test> <!-- Default test -->
  </suite> <!-- Default suite -->
</testng-results>
