<?xml version="1.0" encoding="UTF-8"?>
<!-- Generated by org.testng.reporters.JUnitXMLReporter -->
<testsuite hostname="LAPTOP-QMLJP549" name="Test" tests="3" failures="0" timestamp="9 Apr 2019 10:40:27 GMT" time="56.274" errors="0">
  <testcase name="testValidLogin" time="4.568" classname="script.ValidLogin"/>
  <testcase name="testInvalidLogin" time="2.55" classname="script.InvalidLogin"/>
  <testcase name="testIssueDate" time="21.242" classname="script.CheckIssuseDate"/>
</testsuite> <!-- Test -->
